H:\PROJECT\SAFE.NET\NETSAFE\BIN\RELEASE_X64\ZFORGE.WIN32.DRIVEINFOEX.DLL
H:\PROJECT\SAFE.NET\NETSAFE\BIN\RELEASE_X64\ZFORGE.WIN32.DRIVEINFOEX.PDB
H:\PROJECT\SAFE.NET\ZFORGE.NET\ZFORGE.WIN32.DRIVEINFOEX\RELEASE_X64\.NETFRAMEWORK,VERSION=V4.0.ASSEMBLYATTRIBUTES.OBJ
H:\PROJECT\SAFE.NET\ZFORGE.NET\ZFORGE.WIN32.DRIVEINFOEX\RELEASE_X64\APP.RES
H:\PROJECT\SAFE.NET\ZFORGE.NET\ZFORGE.WIN32.DRIVEINFOEX\RELEASE_X64\ASSEMBLYINFO.OBJ
H:\project\Safe.NET\ZForge.NET\ZForge.Win32.DriveInfoEx\Release_x64\cl.command.1.tlog
H:\project\Safe.NET\ZForge.NET\ZForge.Win32.DriveInfoEx\Release_x64\CL.read.1.tlog
H:\project\Safe.NET\ZForge.NET\ZForge.Win32.DriveInfoEx\Release_x64\CL.write.1.tlog
H:\PROJECT\SAFE.NET\ZFORGE.NET\ZFORGE.WIN32.DRIVEINFOEX\RELEASE_X64\DRIVEINFOEX.OBJ
H:\project\Safe.NET\ZForge.NET\ZForge.Win32.DriveInfoEx\Release_x64\link.command.1.tlog
H:\project\Safe.NET\ZForge.NET\ZForge.Win32.DriveInfoEx\Release_x64\link.read.1.tlog
H:\project\Safe.NET\ZForge.NET\ZForge.Win32.DriveInfoEx\Release_x64\link.write.1.tlog
H:\project\Safe.NET\ZForge.NET\ZForge.Win32.DriveInfoEx\Release_x64\link-cvtres.read.1.tlog
H:\project\Safe.NET\ZForge.NET\ZForge.Win32.DriveInfoEx\Release_x64\link-cvtres.write.1.tlog
H:\project\Safe.NET\ZForge.NET\ZForge.Win32.DriveInfoEx\Release_x64\mt.command.1.tlog
H:\project\Safe.NET\ZForge.NET\ZForge.Win32.DriveInfoEx\Release_x64\mt.read.1.tlog
H:\project\Safe.NET\ZForge.NET\ZForge.Win32.DriveInfoEx\Release_x64\mt.write.1.tlog
H:\project\Safe.NET\ZForge.NET\ZForge.Win32.DriveInfoEx\Release_x64\rc.command.1.tlog
H:\project\Safe.NET\ZForge.NET\ZForge.Win32.DriveInfoEx\Release_x64\rc.read.1.tlog
H:\project\Safe.NET\ZForge.NET\ZForge.Win32.DriveInfoEx\Release_x64\rc.write.1.tlog
H:\PROJECT\SAFE.NET\ZFORGE.NET\ZFORGE.WIN32.DRIVEINFOEX\RELEASE_X64\STDAFX.OBJ
H:\PROJECT\SAFE.NET\ZFORGE.NET\ZFORGE.WIN32.DRIVEINFOEX\RELEASE_X64\UNMANAGEDCODE.OBJ
H:\PROJECT\SAFE.NET\ZFORGE.NET\ZFORGE.WIN32.DRIVEINFOEX\RELEASE_X64\VC100.PDB
H:\PROJECT\SAFE.NET\ZFORGE.NET\ZFORGE.WIN32.DRIVEINFOEX\RELEASE_X64\ZFORGE.WIN32.DRIVEINFOEX.DLL.INTERMEDIATE.MANIFEST
H:\PROJECT\SAFE.NET\ZFORGE.NET\ZFORGE.WIN32.DRIVEINFOEX\RELEASE_X64\ZFORGE.WIN32.DRIVEINFOEX.PCH
H:\project\Safe.NET\ZForge.NET\ZForge.Win32.DriveInfoEx\Release_x64\ZForge.Win32.DriveInfoEx.write.1.tlog
